{"uuid":"9eb42a53-112e-42c3-9e1b-6d893fd10c7c","historyId":"91ee5e61bfd83cd9e160d30b891dfa8a","fullName":"Test the DemoWebShop website: Verify the Registration page","labels":[{"name":"tag","value":"tag"},{"name":"tag","value":"tag1"},{"name":"tag","value":"smoke"},{"name":"host","value":"MC6019112203"},{"name":"thread","value":"11436@MC6019112203.main(1)"},{"name":"feature","value":"Test the DemoWebShop website"},{"name":"story","value":"Verify the Registration page"},{"name":"suite","value":"Test the DemoWebShop website"},{"name":"testClass","value":"Verify the Registration page"},{"name":"framework","value":"cucumber4jvm"},{"name":"language","value":"java"},{"name":"gherkin_uri","value":"file:///C:/Users/pgedela/eclipse-workspace/NopCommerceAutomation/src/test/resources/Feature/nopcommerce.feature"},{"name":"package","value":"src.test.resources.Feature.nopcommerce_feature.Test the DemoWebShop website"}],"links":[],"name":"Verify the Registration page","status":"broken","statusDetails":{"known":false,"muted":false,"flaky":false,"message":"invalid selector: Unable to locate an element with the xpath expression //a[normalize-space()='Home']\") because of the following error:\nSyntaxError: Failed to execute 'evaluate' on 'Document': The string '//a[normalize-space()='Home']\")' is not a valid XPath expression.\n  (Session info: chrome=114.0.5735.199)\nFor documentation on this error, please visit: https://www.selenium.dev/documentation/webdriver/troubleshooting/errors#invalid-selector-exception\nBuild info: version: '4.10.0', revision: 'c14d967899'\nSystem info: os.name: 'Windows 10', os.arch: 'amd64', os.version: '10.0', java.version: '17.0.7'\nDriver info: org.openqa.selenium.chrome.ChromeDriver\nCommand: [3a8a9f2c72f03133118ef1e21a80bf68, findElement {using=xpath, value=//a[normalize-space()='Home']\")}]\nCapabilities {acceptInsecureCerts: false, browserName: chrome, browserVersion: 114.0.5735.199, chrome: {chromedriverVersion: 114.0.5735.90 (386bc09e8f4f..., userDataDir: C:\\Users\\pgedela\\AppData\\Lo...}, goog:chromeOptions: {debuggerAddress: localhost:54802}, networkConnectionEnabled: false, pageLoadStrategy: normal, platformName: windows, proxy: Proxy(), se:cdp: ws://localhost:54802/devtoo..., se:cdpVersion: 114.0.5735.199, setWindowRect: true, strictFileInteractability: false, timeouts: {implicit: 0, pageLoad: 300000, script: 30000}, unhandledPromptBehavior: dismiss and notify, webauthn:extension:credBlob: true, webauthn:extension:largeBlob: true, webauthn:extension:minPinLength: true, webauthn:extension:prf: true, webauthn:virtualAuthenticators: true}\nSession ID: 3a8a9f2c72f03133118ef1e21a80bf68","trace":"org.openqa.selenium.InvalidSelectorException: invalid selector: Unable to locate an element with the xpath expression //a[normalize-space()='Home']\") because of the following error:\nSyntaxError: Failed to execute 'evaluate' on 'Document': The string '//a[normalize-space()='Home']\")' is not a valid XPath expression.\n  (Session info: chrome=114.0.5735.199)\nFor documentation on this error, please visit: https://www.selenium.dev/documentation/webdriver/troubleshooting/errors#invalid-selector-exception\nBuild info: version: '4.10.0', revision: 'c14d967899'\nSystem info: os.name: 'Windows 10', os.arch: 'amd64', os.version: '10.0', java.version: '17.0.7'\nDriver info: org.openqa.selenium.chrome.ChromeDriver\nCommand: [3a8a9f2c72f03133118ef1e21a80bf68, findElement {using=xpath, value=//a[normalize-space()='Home']\")}]\nCapabilities {acceptInsecureCerts: false, browserName: chrome, browserVersion: 114.0.5735.199, chrome: {chromedriverVersion: 114.0.5735.90 (386bc09e8f4f..., userDataDir: C:\\Users\\pgedela\\AppData\\Lo...}, goog:chromeOptions: {debuggerAddress: localhost:54802}, networkConnectionEnabled: false, pageLoadStrategy: normal, platformName: windows, proxy: Proxy(), se:cdp: ws://localhost:54802/devtoo..., se:cdpVersion: 114.0.5735.199, setWindowRect: true, strictFileInteractability: false, timeouts: {implicit: 0, pageLoad: 300000, script: 30000}, unhandledPromptBehavior: dismiss and notify, webauthn:extension:credBlob: true, webauthn:extension:largeBlob: true, webauthn:extension:minPinLength: true, webauthn:extension:prf: true, webauthn:virtualAuthenticators: true}\nSession ID: 3a8a9f2c72f03133118ef1e21a80bf68\r\n\tat java.base/jdk.internal.reflect.NativeConstructorAccessorImpl.newInstance0(Native Method)\r\n\tat java.base/jdk.internal.reflect.NativeConstructorAccessorImpl.newInstance(NativeConstructorAccessorImpl.java:77)\r\n\tat java.base/jdk.internal.reflect.DelegatingConstructorAccessorImpl.newInstance(DelegatingConstructorAccessorImpl.java:45)\r\n\tat java.base/java.lang.reflect.Constructor.newInstanceWithCaller(Constructor.java:499)\r\n\tat java.base/java.lang.reflect.Constructor.newInstance(Constructor.java:480)\r\n\tat org.openqa.selenium.remote.codec.w3c.W3CHttpResponseCodec.createException(W3CHttpResponseCodec.java:199)\r\n\tat org.openqa.selenium.remote.codec.w3c.W3CHttpResponseCodec.decode(W3CHttpResponseCodec.java:132)\r\n\tat org.openqa.selenium.remote.codec.w3c.W3CHttpResponseCodec.decode(W3CHttpResponseCodec.java:51)\r\n\tat org.openqa.selenium.remote.HttpCommandExecutor.execute(HttpCommandExecutor.java:191)\r\n\tat org.openqa.selenium.remote.service.DriverCommandExecutor.invokeExecute(DriverCommandExecutor.java:196)\r\n\tat org.openqa.selenium.remote.service.DriverCommandExecutor.execute(DriverCommandExecutor.java:171)\r\n\tat org.openqa.selenium.remote.RemoteWebDriver.execute(RemoteWebDriver.java:531)\r\n\tat org.openqa.selenium.remote.ElementLocation$ElementFinder$2.findElement(ElementLocation.java:165)\r\n\tat org.openqa.selenium.remote.ElementLocation.findElement(ElementLocation.java:59)\r\n\tat org.openqa.selenium.remote.RemoteWebDriver.findElement(RemoteWebDriver.java:350)\r\n\tat org.openqa.selenium.remote.RemoteWebDriver.findElement(RemoteWebDriver.java:344)\r\n\tat Pom.ApparealModule.app1(ApparealModule.java:63)\r\n\tat stepdefinition.StepDefinition.click_on_addtocart(StepDefinition.java:159)\r\n\tat ✽.click on addtocart(file:///C:/Users/pgedela/eclipse-workspace/NopCommerceAutomation/src/test/resources/Feature/nopcommerce.feature:22)\r\n"},"stage":"finished","steps":[{"name":"Given  open the browser","status":"passed","statusDetails":{"known":false,"muted":false,"flaky":false},"stage":"finished","steps":[],"attachments":[],"parameters":[],"start":1689670725147,"stop":1689670726556},{"name":"When  user enter the url \"<https://demo.nopcommerce.com/>\"","status":"passed","statusDetails":{"known":false,"muted":false,"flaky":false},"stage":"finished","steps":[],"attachments":[{"name":"Screenshot","source":"6da379c2-60cc-4ffb-bcd6-2b4d8c821da4-attachment"}],"parameters":[],"start":1689670726557,"stop":1689670729519},{"name":"Then  click on the Register","status":"passed","statusDetails":{"known":false,"muted":false,"flaky":false},"stage":"finished","steps":[],"attachments":[{"name":"Screenshot","source":"3a73aaa4-9b1d-4e25-a18d-bb7441544efb-attachment"}],"parameters":[],"start":1689670729520,"stop":1689670731182},{"name":"When  click on the Gender","status":"passed","statusDetails":{"known":false,"muted":false,"flaky":false},"stage":"finished","steps":[],"attachments":[{"name":"Screenshot","source":"4bb86d0a-53d5-435e-b68a-2fdea6ea969a-attachment"}],"parameters":[],"start":1689670731182,"stop":1689670732301},{"name":"Then  Enter a Firstname  \"<firstname>\"","status":"passed","statusDetails":{"known":false,"muted":false,"flaky":false},"stage":"finished","steps":[],"attachments":[{"name":"Screenshot","source":"ba42199b-0df5-476e-8cf3-191619b00173-attachment"}],"parameters":[],"start":1689670732302,"stop":1689670733445},{"name":"When  enter a Lastname \"<lastname>\"","status":"passed","statusDetails":{"known":false,"muted":false,"flaky":false},"stage":"finished","steps":[],"attachments":[{"name":"Screenshot","source":"e9f2b292-e7f4-476a-9e16-76da1bbbeaff-attachment"}],"parameters":[],"start":1689670733445,"stop":1689670734583},{"name":"Then  enter a dob \"<dateofbirth>\"","status":"passed","statusDetails":{"known":false,"muted":false,"flaky":false},"stage":"finished","steps":[],"attachments":[{"name":"Screenshot","source":"22756cf0-dc98-4c12-9dd5-5b7996853385-attachment"}],"parameters":[],"start":1689670734583,"stop":1689670738003},{"name":"Then  Enter a Email \"<Email>\"","status":"passed","statusDetails":{"known":false,"muted":false,"flaky":false},"stage":"finished","steps":[],"attachments":[{"name":"Screenshot","source":"7af9889f-673b-4913-bd3f-0ec4e639456e-attachment"}],"parameters":[],"start":1689670738005,"stop":1689670740261},{"name":"When  enter the Password\"<password>\"","status":"passed","statusDetails":{"known":false,"muted":false,"flaky":false},"stage":"finished","steps":[],"attachments":[{"name":"Screenshot","source":"44896d23-e130-4caa-8394-746f5c2f0f93-attachment"}],"parameters":[],"start":1689670740261,"stop":1689670741396},{"name":"Then  Enter a  ConfirmPassword \"<ConfirmPassword>\"","status":"passed","statusDetails":{"known":false,"muted":false,"flaky":false},"stage":"finished","steps":[],"attachments":[{"name":"Screenshot","source":"04937108-b23f-4fb4-a630-970844bfa639-attachment"}],"parameters":[],"start":1689670741397,"stop":1689670742537},{"name":"When  click on a Register button","status":"passed","statusDetails":{"known":false,"muted":false,"flaky":false},"stage":"finished","steps":[],"attachments":[{"name":"Screenshot","source":"91686ba6-5cbf-42ff-827e-94c399e83234-attachment"}],"parameters":[],"start":1689670742537,"stop":1689670744092},{"name":"Then  click on the Login","status":"passed","statusDetails":{"known":false,"muted":false,"flaky":false},"stage":"finished","steps":[],"attachments":[],"parameters":[],"start":1689670744092,"stop":1689670747847},{"name":"When  enter the email\"<email>\"","status":"passed","statusDetails":{"known":false,"muted":false,"flaky":false},"stage":"finished","steps":[],"attachments":[{"name":"Screenshot","source":"3ae3965c-e5dc-42a5-a184-bfbfe68438fc-attachment"}],"parameters":[],"start":1689670747848,"stop":1689670749962},{"name":"And  enter the password\"<password>\"","status":"passed","statusDetails":{"known":false,"muted":false,"flaky":false},"stage":"finished","steps":[],"attachments":[{"name":"Screenshot","source":"0ce6a2e4-665c-4ef1-973e-66889f1b8a64-attachment"}],"parameters":[],"start":1689670749963,"stop":1689670752109},{"name":"Then  click on the login button","status":"passed","statusDetails":{"known":false,"muted":false,"flaky":false},"stage":"finished","steps":[],"attachments":[{"name":"Screenshot","source":"89508ee8-4252-4210-bc8e-8549e24612d8-attachment"}],"parameters":[],"start":1689670752110,"stop":1689670755065},{"name":"When  click apparelmodule","status":"passed","statusDetails":{"known":false,"muted":false,"flaky":false},"stage":"finished","steps":[],"attachments":[{"name":"Screenshot","source":"3bbd0b1d-0289-4e0f-bbc3-d09b144b4bc7-attachment"}],"parameters":[],"start":1689670755065,"stop":1689670761130},{"name":"When  click on addtocart","status":"broken","statusDetails":{"known":false,"muted":false,"flaky":false,"message":"invalid selector: Unable to locate an element with the xpath expression //a[normalize-space()='Home']\") because of the following error:\nSyntaxError: Failed to execute 'evaluate' on 'Document': The string '//a[normalize-space()='Home']\")' is not a valid XPath expression.\n  (Session info: chrome=114.0.5735.199)\nFor documentation on this error, please visit: https://www.selenium.dev/documentation/webdriver/troubleshooting/errors#invalid-selector-exception\nBuild info: version: '4.10.0', revision: 'c14d967899'\nSystem info: os.name: 'Windows 10', os.arch: 'amd64', os.version: '10.0', java.version: '17.0.7'\nDriver info: org.openqa.selenium.chrome.ChromeDriver\nCommand: [3a8a9f2c72f03133118ef1e21a80bf68, findElement {using=xpath, value=//a[normalize-space()='Home']\")}]\nCapabilities {acceptInsecureCerts: false, browserName: chrome, browserVersion: 114.0.5735.199, chrome: {chromedriverVersion: 114.0.5735.90 (386bc09e8f4f..., userDataDir: C:\\Users\\pgedela\\AppData\\Lo...}, goog:chromeOptions: {debuggerAddress: localhost:54802}, networkConnectionEnabled: false, pageLoadStrategy: normal, platformName: windows, proxy: Proxy(), se:cdp: ws://localhost:54802/devtoo..., se:cdpVersion: 114.0.5735.199, setWindowRect: true, strictFileInteractability: false, timeouts: {implicit: 0, pageLoad: 300000, script: 30000}, unhandledPromptBehavior: dismiss and notify, webauthn:extension:credBlob: true, webauthn:extension:largeBlob: true, webauthn:extension:minPinLength: true, webauthn:extension:prf: true, webauthn:virtualAuthenticators: true}\nSession ID: 3a8a9f2c72f03133118ef1e21a80bf68","trace":"org.openqa.selenium.InvalidSelectorException: invalid selector: Unable to locate an element with the xpath expression //a[normalize-space()='Home']\") because of the following error:\nSyntaxError: Failed to execute 'evaluate' on 'Document': The string '//a[normalize-space()='Home']\")' is not a valid XPath expression.\n  (Session info: chrome=114.0.5735.199)\nFor documentation on this error, please visit: https://www.selenium.dev/documentation/webdriver/troubleshooting/errors#invalid-selector-exception\nBuild info: version: '4.10.0', revision: 'c14d967899'\nSystem info: os.name: 'Windows 10', os.arch: 'amd64', os.version: '10.0', java.version: '17.0.7'\nDriver info: org.openqa.selenium.chrome.ChromeDriver\nCommand: [3a8a9f2c72f03133118ef1e21a80bf68, findElement {using=xpath, value=//a[normalize-space()='Home']\")}]\nCapabilities {acceptInsecureCerts: false, browserName: chrome, browserVersion: 114.0.5735.199, chrome: {chromedriverVersion: 114.0.5735.90 (386bc09e8f4f..., userDataDir: C:\\Users\\pgedela\\AppData\\Lo...}, goog:chromeOptions: {debuggerAddress: localhost:54802}, networkConnectionEnabled: false, pageLoadStrategy: normal, platformName: windows, proxy: Proxy(), se:cdp: ws://localhost:54802/devtoo..., se:cdpVersion: 114.0.5735.199, setWindowRect: true, strictFileInteractability: false, timeouts: {implicit: 0, pageLoad: 300000, script: 30000}, unhandledPromptBehavior: dismiss and notify, webauthn:extension:credBlob: true, webauthn:extension:largeBlob: true, webauthn:extension:minPinLength: true, webauthn:extension:prf: true, webauthn:virtualAuthenticators: true}\nSession ID: 3a8a9f2c72f03133118ef1e21a80bf68\r\n\tat java.base/jdk.internal.reflect.NativeConstructorAccessorImpl.newInstance0(Native Method)\r\n\tat java.base/jdk.internal.reflect.NativeConstructorAccessorImpl.newInstance(NativeConstructorAccessorImpl.java:77)\r\n\tat java.base/jdk.internal.reflect.DelegatingConstructorAccessorImpl.newInstance(DelegatingConstructorAccessorImpl.java:45)\r\n\tat java.base/java.lang.reflect.Constructor.newInstanceWithCaller(Constructor.java:499)\r\n\tat java.base/java.lang.reflect.Constructor.newInstance(Constructor.java:480)\r\n\tat org.openqa.selenium.remote.codec.w3c.W3CHttpResponseCodec.createException(W3CHttpResponseCodec.java:199)\r\n\tat org.openqa.selenium.remote.codec.w3c.W3CHttpResponseCodec.decode(W3CHttpResponseCodec.java:132)\r\n\tat org.openqa.selenium.remote.codec.w3c.W3CHttpResponseCodec.decode(W3CHttpResponseCodec.java:51)\r\n\tat org.openqa.selenium.remote.HttpCommandExecutor.execute(HttpCommandExecutor.java:191)\r\n\tat org.openqa.selenium.remote.service.DriverCommandExecutor.invokeExecute(DriverCommandExecutor.java:196)\r\n\tat org.openqa.selenium.remote.service.DriverCommandExecutor.execute(DriverCommandExecutor.java:171)\r\n\tat org.openqa.selenium.remote.RemoteWebDriver.execute(RemoteWebDriver.java:531)\r\n\tat org.openqa.selenium.remote.ElementLocation$ElementFinder$2.findElement(ElementLocation.java:165)\r\n\tat org.openqa.selenium.remote.ElementLocation.findElement(ElementLocation.java:59)\r\n\tat org.openqa.selenium.remote.RemoteWebDriver.findElement(RemoteWebDriver.java:350)\r\n\tat org.openqa.selenium.remote.RemoteWebDriver.findElement(RemoteWebDriver.java:344)\r\n\tat Pom.ApparealModule.app1(ApparealModule.java:63)\r\n\tat stepdefinition.StepDefinition.click_on_addtocart(StepDefinition.java:159)\r\n\tat ✽.click on addtocart(file:///C:/Users/pgedela/eclipse-workspace/NopCommerceAutomation/src/test/resources/Feature/nopcommerce.feature:22)\r\n"},"stage":"finished","steps":[],"attachments":[],"parameters":[],"start":1689670761131,"stop":1689670765962}],"attachments":[],"parameters":[],"start":1689670725145,"stop":1689670765966}