{"uuid":"d6ab87fc-19a4-4070-94f0-4e6e8d45350f","historyId":"91ee5e61bfd83cd9e160d30b891dfa8a","fullName":"Test the DemoWebShop website: Verify the Registration page","labels":[{"name":"tag","value":"tag"},{"name":"tag","value":"tag1"},{"name":"tag","value":"smoke"},{"name":"host","value":"MC6019112203"},{"name":"thread","value":"2204@MC6019112203.main(1)"},{"name":"feature","value":"Test the DemoWebShop website"},{"name":"story","value":"Verify the Registration page"},{"name":"suite","value":"Test the DemoWebShop website"},{"name":"testClass","value":"Verify the Registration page"},{"name":"framework","value":"cucumber4jvm"},{"name":"language","value":"java"},{"name":"gherkin_uri","value":"file:///C:/Users/pgedela/eclipse-workspace/NopCommerceAutomation/src/test/resources/Feature/nopcommerce.feature"},{"name":"package","value":"src.test.resources.Feature.nopcommerce_feature.Test the DemoWebShop website"}],"links":[],"name":"Verify the Registration page","status":"broken","statusDetails":{"known":false,"muted":false,"flaky":false,"message":"no such element: Unable to locate element: {\"method\":\"css selector\",\"selector\":\"#add\\-to\\-cart\\-button\\-25\"}\n  (Session info: chrome=114.0.5735.199)\nFor documentation on this error, please visit: https://www.selenium.dev/documentation/webdriver/troubleshooting/errors#no-such-element-exception\nBuild info: version: '4.10.0', revision: 'c14d967899'\nSystem info: os.name: 'Windows 10', os.arch: 'amd64', os.version: '10.0', java.version: '17.0.7'\nDriver info: org.openqa.selenium.chrome.ChromeDriver\nCommand: [0b5cdfcb6db1ecea4f633f84ed980de5, findElement {using=id, value=add-to-cart-button-25}]\nCapabilities {acceptInsecureCerts: false, browserName: chrome, browserVersion: 114.0.5735.199, chrome: {chromedriverVersion: 114.0.5735.90 (386bc09e8f4f..., userDataDir: C:\\Users\\pgedela\\AppData\\Lo...}, goog:chromeOptions: {debuggerAddress: localhost:53035}, networkConnectionEnabled: false, pageLoadStrategy: normal, platformName: windows, proxy: Proxy(), se:cdp: ws://localhost:53035/devtoo..., se:cdpVersion: 114.0.5735.199, setWindowRect: true, strictFileInteractability: false, timeouts: {implicit: 0, pageLoad: 300000, script: 30000}, unhandledPromptBehavior: dismiss and notify, webauthn:extension:credBlob: true, webauthn:extension:largeBlob: true, webauthn:extension:minPinLength: true, webauthn:extension:prf: true, webauthn:virtualAuthenticators: true}\nSession ID: 0b5cdfcb6db1ecea4f633f84ed980de5","trace":"org.openqa.selenium.NoSuchElementException: no such element: Unable to locate element: {\"method\":\"css selector\",\"selector\":\"#add\\-to\\-cart\\-button\\-25\"}\n  (Session info: chrome=114.0.5735.199)\nFor documentation on this error, please visit: https://www.selenium.dev/documentation/webdriver/troubleshooting/errors#no-such-element-exception\nBuild info: version: '4.10.0', revision: 'c14d967899'\nSystem info: os.name: 'Windows 10', os.arch: 'amd64', os.version: '10.0', java.version: '17.0.7'\nDriver info: org.openqa.selenium.chrome.ChromeDriver\nCommand: [0b5cdfcb6db1ecea4f633f84ed980de5, findElement {using=id, value=add-to-cart-button-25}]\nCapabilities {acceptInsecureCerts: false, browserName: chrome, browserVersion: 114.0.5735.199, chrome: {chromedriverVersion: 114.0.5735.90 (386bc09e8f4f..., userDataDir: C:\\Users\\pgedela\\AppData\\Lo...}, goog:chromeOptions: {debuggerAddress: localhost:53035}, networkConnectionEnabled: false, pageLoadStrategy: normal, platformName: windows, proxy: Proxy(), se:cdp: ws://localhost:53035/devtoo..., se:cdpVersion: 114.0.5735.199, setWindowRect: true, strictFileInteractability: false, timeouts: {implicit: 0, pageLoad: 300000, script: 30000}, unhandledPromptBehavior: dismiss and notify, webauthn:extension:credBlob: true, webauthn:extension:largeBlob: true, webauthn:extension:minPinLength: true, webauthn:extension:prf: true, webauthn:virtualAuthenticators: true}\nSession ID: 0b5cdfcb6db1ecea4f633f84ed980de5\r\n\tat java.base/jdk.internal.reflect.NativeConstructorAccessorImpl.newInstance0(Native Method)\r\n\tat java.base/jdk.internal.reflect.NativeConstructorAccessorImpl.newInstance(NativeConstructorAccessorImpl.java:77)\r\n\tat java.base/jdk.internal.reflect.DelegatingConstructorAccessorImpl.newInstance(DelegatingConstructorAccessorImpl.java:45)\r\n\tat java.base/java.lang.reflect.Constructor.newInstanceWithCaller(Constructor.java:499)\r\n\tat java.base/java.lang.reflect.Constructor.newInstance(Constructor.java:480)\r\n\tat org.openqa.selenium.remote.codec.w3c.W3CHttpResponseCodec.createException(W3CHttpResponseCodec.java:199)\r\n\tat org.openqa.selenium.remote.codec.w3c.W3CHttpResponseCodec.decode(W3CHttpResponseCodec.java:132)\r\n\tat org.openqa.selenium.remote.codec.w3c.W3CHttpResponseCodec.decode(W3CHttpResponseCodec.java:51)\r\n\tat org.openqa.selenium.remote.HttpCommandExecutor.execute(HttpCommandExecutor.java:191)\r\n\tat org.openqa.selenium.remote.service.DriverCommandExecutor.invokeExecute(DriverCommandExecutor.java:196)\r\n\tat org.openqa.selenium.remote.service.DriverCommandExecutor.execute(DriverCommandExecutor.java:171)\r\n\tat org.openqa.selenium.remote.RemoteWebDriver.execute(RemoteWebDriver.java:531)\r\n\tat org.openqa.selenium.remote.ElementLocation$ElementFinder$2.findElement(ElementLocation.java:165)\r\n\tat org.openqa.selenium.remote.ElementLocation.findElement(ElementLocation.java:59)\r\n\tat org.openqa.selenium.remote.RemoteWebDriver.findElement(RemoteWebDriver.java:350)\r\n\tat org.openqa.selenium.remote.RemoteWebDriver.findElement(RemoteWebDriver.java:344)\r\n\tat Pom.ApparealModule.app1(ApparealModule.java:47)\r\n\tat stepdefinition.StepDefinition.click_on_addtocart(StepDefinition.java:159)\r\n\tat ✽.click on addtocart(file:///C:/Users/pgedela/eclipse-workspace/NopCommerceAutomation/src/test/resources/Feature/nopcommerce.feature:22)\r\n"},"stage":"finished","steps":[{"name":"Given  open the browser","status":"passed","statusDetails":{"known":false,"muted":false,"flaky":false},"stage":"finished","steps":[],"attachments":[],"parameters":[],"start":1689621539506,"stop":1689621540633},{"name":"When  user enter the url \"<https://demo.nopcommerce.com/>\"","status":"passed","statusDetails":{"known":false,"muted":false,"flaky":false},"stage":"finished","steps":[],"attachments":[{"name":"Screenshot","source":"db049cb9-ae55-497d-b55e-65a3af48a251-attachment"}],"parameters":[],"start":1689621540633,"stop":1689621543790},{"name":"Then  click on the Register","status":"passed","statusDetails":{"known":false,"muted":false,"flaky":false},"stage":"finished","steps":[],"attachments":[{"name":"Screenshot","source":"c090c276-35c6-4d38-8948-200391b9628a-attachment"}],"parameters":[],"start":1689621543790,"stop":1689621545409},{"name":"When  click on the Gender","status":"passed","statusDetails":{"known":false,"muted":false,"flaky":false},"stage":"finished","steps":[],"attachments":[{"name":"Screenshot","source":"8adccba5-3d65-4d09-8cb4-527ef95a12c6-attachment"}],"parameters":[],"start":1689621545410,"stop":1689621546532},{"name":"Then  Enter a Firstname  \"<firstname>\"","status":"passed","statusDetails":{"known":false,"muted":false,"flaky":false},"stage":"finished","steps":[],"attachments":[{"name":"Screenshot","source":"7ed947df-f4f5-4749-9971-a64547eaa76d-attachment"}],"parameters":[],"start":1689621546533,"stop":1689621547677},{"name":"When  enter a Lastname \"<lastname>\"","status":"passed","statusDetails":{"known":false,"muted":false,"flaky":false},"stage":"finished","steps":[],"attachments":[{"name":"Screenshot","source":"b4396f44-c712-48d6-a6d1-1549a5a996b4-attachment"}],"parameters":[],"start":1689621547677,"stop":1689621548830},{"name":"Then  enter a dob \"<dateofbirth>\"","status":"passed","statusDetails":{"known":false,"muted":false,"flaky":false},"stage":"finished","steps":[],"attachments":[{"name":"Screenshot","source":"e2a855c5-876b-4d0b-b072-76c2a336c757-attachment"}],"parameters":[],"start":1689621548830,"stop":1689621552261},{"name":"Then  Enter a Email \"<Email>\"","status":"passed","statusDetails":{"known":false,"muted":false,"flaky":false},"stage":"finished","steps":[],"attachments":[{"name":"Screenshot","source":"9ad0a70f-4dd6-468f-ac03-c75ab55189fe-attachment"}],"parameters":[],"start":1689621552263,"stop":1689621554493},{"name":"When  enter the Password\"<password>\"","status":"passed","statusDetails":{"known":false,"muted":false,"flaky":false},"stage":"finished","steps":[],"attachments":[{"name":"Screenshot","source":"042be632-f0ad-467a-8647-edc90c220314-attachment"}],"parameters":[],"start":1689621554493,"stop":1689621555645},{"name":"Then  Enter a  ConfirmPassword \"<ConfirmPassword>\"","status":"passed","statusDetails":{"known":false,"muted":false,"flaky":false},"stage":"finished","steps":[],"attachments":[{"name":"Screenshot","source":"bc9ff0d5-4506-4931-bb30-0010014b975d-attachment"}],"parameters":[],"start":1689621555645,"stop":1689621556782},{"name":"When  click on a Register button","status":"passed","statusDetails":{"known":false,"muted":false,"flaky":false},"stage":"finished","steps":[],"attachments":[{"name":"Screenshot","source":"4668f7a7-ec73-43e4-bf8d-42e9965be29f-attachment"}],"parameters":[],"start":1689621556782,"stop":1689621558334},{"name":"Then  click on the Login","status":"passed","statusDetails":{"known":false,"muted":false,"flaky":false},"stage":"finished","steps":[],"attachments":[],"parameters":[],"start":1689621558334,"stop":1689621561790},{"name":"When  enter the email\"<email>\"","status":"passed","statusDetails":{"known":false,"muted":false,"flaky":false},"stage":"finished","steps":[],"attachments":[{"name":"Screenshot","source":"6d8a7722-bdcb-4a83-ae95-80c5d18185e3-attachment"}],"parameters":[],"start":1689621561791,"stop":1689621563951},{"name":"And  enter the password\"<password>\"","status":"passed","statusDetails":{"known":false,"muted":false,"flaky":false},"stage":"finished","steps":[],"attachments":[{"name":"Screenshot","source":"f9f9d7c8-ad61-4dfa-bb35-9c3cc78835dc-attachment"}],"parameters":[],"start":1689621563952,"stop":1689621566079},{"name":"Then  click on the login button","status":"passed","statusDetails":{"known":false,"muted":false,"flaky":false},"stage":"finished","steps":[],"attachments":[{"name":"Screenshot","source":"833a0cb7-3017-4621-821b-c2879b7ba495-attachment"}],"parameters":[],"start":1689621566080,"stop":1689621569090},{"name":"When  click apparelmodule","status":"passed","statusDetails":{"known":false,"muted":false,"flaky":false},"stage":"finished","steps":[],"attachments":[{"name":"Screenshot","source":"8dba73b6-155e-486e-bf26-c9d3646ac3a3-attachment"}],"parameters":[],"start":1689621569092,"stop":1689621574049},{"name":"When  click on addtocart","status":"broken","statusDetails":{"known":false,"muted":false,"flaky":false,"message":"no such element: Unable to locate element: {\"method\":\"css selector\",\"selector\":\"#add\\-to\\-cart\\-button\\-25\"}\n  (Session info: chrome=114.0.5735.199)\nFor documentation on this error, please visit: https://www.selenium.dev/documentation/webdriver/troubleshooting/errors#no-such-element-exception\nBuild info: version: '4.10.0', revision: 'c14d967899'\nSystem info: os.name: 'Windows 10', os.arch: 'amd64', os.version: '10.0', java.version: '17.0.7'\nDriver info: org.openqa.selenium.chrome.ChromeDriver\nCommand: [0b5cdfcb6db1ecea4f633f84ed980de5, findElement {using=id, value=add-to-cart-button-25}]\nCapabilities {acceptInsecureCerts: false, browserName: chrome, browserVersion: 114.0.5735.199, chrome: {chromedriverVersion: 114.0.5735.90 (386bc09e8f4f..., userDataDir: C:\\Users\\pgedela\\AppData\\Lo...}, goog:chromeOptions: {debuggerAddress: localhost:53035}, networkConnectionEnabled: false, pageLoadStrategy: normal, platformName: windows, proxy: Proxy(), se:cdp: ws://localhost:53035/devtoo..., se:cdpVersion: 114.0.5735.199, setWindowRect: true, strictFileInteractability: false, timeouts: {implicit: 0, pageLoad: 300000, script: 30000}, unhandledPromptBehavior: dismiss and notify, webauthn:extension:credBlob: true, webauthn:extension:largeBlob: true, webauthn:extension:minPinLength: true, webauthn:extension:prf: true, webauthn:virtualAuthenticators: true}\nSession ID: 0b5cdfcb6db1ecea4f633f84ed980de5","trace":"org.openqa.selenium.NoSuchElementException: no such element: Unable to locate element: {\"method\":\"css selector\",\"selector\":\"#add\\-to\\-cart\\-button\\-25\"}\n  (Session info: chrome=114.0.5735.199)\nFor documentation on this error, please visit: https://www.selenium.dev/documentation/webdriver/troubleshooting/errors#no-such-element-exception\nBuild info: version: '4.10.0', revision: 'c14d967899'\nSystem info: os.name: 'Windows 10', os.arch: 'amd64', os.version: '10.0', java.version: '17.0.7'\nDriver info: org.openqa.selenium.chrome.ChromeDriver\nCommand: [0b5cdfcb6db1ecea4f633f84ed980de5, findElement {using=id, value=add-to-cart-button-25}]\nCapabilities {acceptInsecureCerts: false, browserName: chrome, browserVersion: 114.0.5735.199, chrome: {chromedriverVersion: 114.0.5735.90 (386bc09e8f4f..., userDataDir: C:\\Users\\pgedela\\AppData\\Lo...}, goog:chromeOptions: {debuggerAddress: localhost:53035}, networkConnectionEnabled: false, pageLoadStrategy: normal, platformName: windows, proxy: Proxy(), se:cdp: ws://localhost:53035/devtoo..., se:cdpVersion: 114.0.5735.199, setWindowRect: true, strictFileInteractability: false, timeouts: {implicit: 0, pageLoad: 300000, script: 30000}, unhandledPromptBehavior: dismiss and notify, webauthn:extension:credBlob: true, webauthn:extension:largeBlob: true, webauthn:extension:minPinLength: true, webauthn:extension:prf: true, webauthn:virtualAuthenticators: true}\nSession ID: 0b5cdfcb6db1ecea4f633f84ed980de5\r\n\tat java.base/jdk.internal.reflect.NativeConstructorAccessorImpl.newInstance0(Native Method)\r\n\tat java.base/jdk.internal.reflect.NativeConstructorAccessorImpl.newInstance(NativeConstructorAccessorImpl.java:77)\r\n\tat java.base/jdk.internal.reflect.DelegatingConstructorAccessorImpl.newInstance(DelegatingConstructorAccessorImpl.java:45)\r\n\tat java.base/java.lang.reflect.Constructor.newInstanceWithCaller(Constructor.java:499)\r\n\tat java.base/java.lang.reflect.Constructor.newInstance(Constructor.java:480)\r\n\tat org.openqa.selenium.remote.codec.w3c.W3CHttpResponseCodec.createException(W3CHttpResponseCodec.java:199)\r\n\tat org.openqa.selenium.remote.codec.w3c.W3CHttpResponseCodec.decode(W3CHttpResponseCodec.java:132)\r\n\tat org.openqa.selenium.remote.codec.w3c.W3CHttpResponseCodec.decode(W3CHttpResponseCodec.java:51)\r\n\tat org.openqa.selenium.remote.HttpCommandExecutor.execute(HttpCommandExecutor.java:191)\r\n\tat org.openqa.selenium.remote.service.DriverCommandExecutor.invokeExecute(DriverCommandExecutor.java:196)\r\n\tat org.openqa.selenium.remote.service.DriverCommandExecutor.execute(DriverCommandExecutor.java:171)\r\n\tat org.openqa.selenium.remote.RemoteWebDriver.execute(RemoteWebDriver.java:531)\r\n\tat org.openqa.selenium.remote.ElementLocation$ElementFinder$2.findElement(ElementLocation.java:165)\r\n\tat org.openqa.selenium.remote.ElementLocation.findElement(ElementLocation.java:59)\r\n\tat org.openqa.selenium.remote.RemoteWebDriver.findElement(RemoteWebDriver.java:350)\r\n\tat org.openqa.selenium.remote.RemoteWebDriver.findElement(RemoteWebDriver.java:344)\r\n\tat Pom.ApparealModule.app1(ApparealModule.java:47)\r\n\tat stepdefinition.StepDefinition.click_on_addtocart(StepDefinition.java:159)\r\n\tat ✽.click on addtocart(file:///C:/Users/pgedela/eclipse-workspace/NopCommerceAutomation/src/test/resources/Feature/nopcommerce.feature:22)\r\n"},"stage":"finished","steps":[],"attachments":[],"parameters":[],"start":1689621574050,"stop":1689621574063}],"attachments":[],"parameters":[],"start":1689621539505,"stop":1689621574067}