{"uuid":"e8218d6f-d835-4080-80e4-955feca67ece","historyId":"91ee5e61bfd83cd9e160d30b891dfa8a","fullName":"Test the NopCommerce website: Verify the Registration page","labels":[{"name":"host","value":"MC6019112203"},{"name":"thread","value":"13700@MC6019112203.main(1)"},{"name":"feature","value":"Test the NopCommerce website"},{"name":"story","value":"Verify the Registration page"},{"name":"suite","value":"Test the NopCommerce website"},{"name":"testClass","value":"Verify the Registration page"},{"name":"framework","value":"cucumber4jvm"},{"name":"language","value":"java"},{"name":"gherkin_uri","value":"file:///C:/Users/pgedela/eclipse-workspace/NopCommerceAutomation/src/test/resources/Feature/nopcommerce.feature"},{"name":"package","value":"src.test.resources.Feature.nopcommerce_feature.Test the NopCommerce website"}],"links":[],"name":"Verify the Registration page","status":"broken","statusDetails":{"known":false,"muted":false,"flaky":false,"message":"javascript error: Cannot read properties of undefined (reading 'click')\n  (Session info: chrome=114.0.5735.199)\nBuild info: version: '4.10.0', revision: 'c14d967899'\nSystem info: os.name: 'Windows 10', os.arch: 'amd64', os.version: '10.0', java.version: '17.0.7'\nDriver info: org.openqa.selenium.chrome.ChromeDriver\nCommand: [1970c9cd67131d9a574260ccb9743155, executeScript {script=arguments[1].click(), args=[{element-6066-11e4-a52e-4f735466cecf=D380B69945CDCA1F1A7F967B7E510101_element_266}]}]\nCapabilities {acceptInsecureCerts: false, browserName: chrome, browserVersion: 114.0.5735.199, chrome: {chromedriverVersion: 114.0.5735.90 (386bc09e8f4f..., userDataDir: C:\\Users\\pgedela\\AppData\\Lo...}, goog:chromeOptions: {debuggerAddress: localhost:63731}, networkConnectionEnabled: false, pageLoadStrategy: normal, platformName: windows, proxy: Proxy(), se:cdp: ws://localhost:63731/devtoo..., se:cdpVersion: 114.0.5735.199, setWindowRect: true, strictFileInteractability: false, timeouts: {implicit: 0, pageLoad: 300000, script: 30000}, unhandledPromptBehavior: dismiss and notify, webauthn:extension:credBlob: true, webauthn:extension:largeBlob: true, webauthn:extension:minPinLength: true, webauthn:extension:prf: true, webauthn:virtualAuthenticators: true}\nSession ID: 1970c9cd67131d9a574260ccb9743155","trace":"org.openqa.selenium.JavascriptException: javascript error: Cannot read properties of undefined (reading 'click')\n  (Session info: chrome=114.0.5735.199)\nBuild info: version: '4.10.0', revision: 'c14d967899'\nSystem info: os.name: 'Windows 10', os.arch: 'amd64', os.version: '10.0', java.version: '17.0.7'\nDriver info: org.openqa.selenium.chrome.ChromeDriver\nCommand: [1970c9cd67131d9a574260ccb9743155, executeScript {script=arguments[1].click(), args=[{element-6066-11e4-a52e-4f735466cecf=D380B69945CDCA1F1A7F967B7E510101_element_266}]}]\nCapabilities {acceptInsecureCerts: false, browserName: chrome, browserVersion: 114.0.5735.199, chrome: {chromedriverVersion: 114.0.5735.90 (386bc09e8f4f..., userDataDir: C:\\Users\\pgedela\\AppData\\Lo...}, goog:chromeOptions: {debuggerAddress: localhost:63731}, networkConnectionEnabled: false, pageLoadStrategy: normal, platformName: windows, proxy: Proxy(), se:cdp: ws://localhost:63731/devtoo..., se:cdpVersion: 114.0.5735.199, setWindowRect: true, strictFileInteractability: false, timeouts: {implicit: 0, pageLoad: 300000, script: 30000}, unhandledPromptBehavior: dismiss and notify, webauthn:extension:credBlob: true, webauthn:extension:largeBlob: true, webauthn:extension:minPinLength: true, webauthn:extension:prf: true, webauthn:virtualAuthenticators: true}\nSession ID: 1970c9cd67131d9a574260ccb9743155\r\n\tat java.base/jdk.internal.reflect.NativeConstructorAccessorImpl.newInstance0(Native Method)\r\n\tat java.base/jdk.internal.reflect.NativeConstructorAccessorImpl.newInstance(NativeConstructorAccessorImpl.java:77)\r\n\tat java.base/jdk.internal.reflect.DelegatingConstructorAccessorImpl.newInstance(DelegatingConstructorAccessorImpl.java:45)\r\n\tat java.base/java.lang.reflect.Constructor.newInstanceWithCaller(Constructor.java:499)\r\n\tat java.base/java.lang.reflect.Constructor.newInstance(Constructor.java:480)\r\n\tat org.openqa.selenium.remote.codec.w3c.W3CHttpResponseCodec.createException(W3CHttpResponseCodec.java:199)\r\n\tat org.openqa.selenium.remote.codec.w3c.W3CHttpResponseCodec.decode(W3CHttpResponseCodec.java:132)\r\n\tat org.openqa.selenium.remote.codec.w3c.W3CHttpResponseCodec.decode(W3CHttpResponseCodec.java:51)\r\n\tat org.openqa.selenium.remote.HttpCommandExecutor.execute(HttpCommandExecutor.java:191)\r\n\tat org.openqa.selenium.remote.service.DriverCommandExecutor.invokeExecute(DriverCommandExecutor.java:196)\r\n\tat org.openqa.selenium.remote.service.DriverCommandExecutor.execute(DriverCommandExecutor.java:171)\r\n\tat org.openqa.selenium.remote.RemoteWebDriver.execute(RemoteWebDriver.java:531)\r\n\tat org.openqa.selenium.remote.RemoteWebDriver.executeScript(RemoteWebDriver.java:476)\r\n\tat Pom.ApparealModule.app1(ApparealModule.java:88)\r\n\tat stepdefinition.StepDefinition.click_on_addtocart(StepDefinition.java:160)\r\n\tat ✽.click on addtocart(file:///C:/Users/pgedela/eclipse-workspace/NopCommerceAutomation/src/test/resources/Feature/nopcommerce.feature:22)\r\n"},"stage":"finished","steps":[{"name":"Given  open the browser","status":"passed","statusDetails":{"known":false,"muted":false,"flaky":false},"stage":"finished","steps":[],"attachments":[],"parameters":[],"start":1689689601239,"stop":1689689602704},{"name":"When  user enter the url \"<https://demo.nopcommerce.com/>\"","status":"passed","statusDetails":{"known":false,"muted":false,"flaky":false},"stage":"finished","steps":[],"attachments":[{"name":"Screenshot","source":"2fca6316-4240-49c1-80d3-473b47e99679-attachment"}],"parameters":[],"start":1689689602705,"stop":1689689605637},{"name":"Then  click on the Register","status":"passed","statusDetails":{"known":false,"muted":false,"flaky":false},"stage":"finished","steps":[],"attachments":[{"name":"Screenshot","source":"3b118a48-2a04-4ea0-a2b1-ccca8c41aae9-attachment"}],"parameters":[],"start":1689689605638,"stop":1689689607268},{"name":"When  click on the Gender","status":"passed","statusDetails":{"known":false,"muted":false,"flaky":false},"stage":"finished","steps":[],"attachments":[{"name":"Screenshot","source":"408c2ef3-2d6c-4ee2-a9f8-bdc6f221ee54-attachment"}],"parameters":[],"start":1689689607268,"stop":1689689608409},{"name":"Then  Enter a Firstname  \"<firstname>\"","status":"passed","statusDetails":{"known":false,"muted":false,"flaky":false},"stage":"finished","steps":[],"attachments":[{"name":"Screenshot","source":"31076eb6-f403-4279-a3d3-2a52b2202409-attachment"}],"parameters":[],"start":1689689608409,"stop":1689689609573},{"name":"When  enter a Lastname \"<lastname>\"","status":"passed","statusDetails":{"known":false,"muted":false,"flaky":false},"stage":"finished","steps":[],"attachments":[{"name":"Screenshot","source":"a2c3d611-7a7e-48a4-ba78-6a52900265bb-attachment"}],"parameters":[],"start":1689689609574,"stop":1689689610723},{"name":"Then  enter a dob \"<dateofbirth>\"","status":"passed","statusDetails":{"known":false,"muted":false,"flaky":false},"stage":"finished","steps":[],"attachments":[{"name":"Screenshot","source":"9eea949c-967f-4cd4-861d-78152016916b-attachment"}],"parameters":[],"start":1689689610723,"stop":1689689614164},{"name":"Then  Enter a Email \"<Email>\"","status":"passed","statusDetails":{"known":false,"muted":false,"flaky":false},"stage":"finished","steps":[],"attachments":[{"name":"Screenshot","source":"405c0386-ee52-48ef-8e41-711dfa6de28b-attachment"}],"parameters":[],"start":1689689614165,"stop":1689689616376},{"name":"When  enter the Password\"<password>\"","status":"passed","statusDetails":{"known":false,"muted":false,"flaky":false},"stage":"finished","steps":[],"attachments":[{"name":"Screenshot","source":"a59203eb-8af5-49a6-91bb-4e21d2433e1a-attachment"}],"parameters":[],"start":1689689616376,"stop":1689689617513},{"name":"Then  Enter a  ConfirmPassword \"<ConfirmPassword>\"","status":"passed","statusDetails":{"known":false,"muted":false,"flaky":false},"stage":"finished","steps":[],"attachments":[{"name":"Screenshot","source":"dd89d6d9-7230-4603-894b-21643d3d92ae-attachment"}],"parameters":[],"start":1689689617514,"stop":1689689618637},{"name":"When  click on a Register button","status":"passed","statusDetails":{"known":false,"muted":false,"flaky":false},"stage":"finished","steps":[],"attachments":[{"name":"Screenshot","source":"31dc033a-aaff-44ef-9789-0642566121bd-attachment"}],"parameters":[],"start":1689689618637,"stop":1689689620211},{"name":"Then  click on the Login","status":"passed","statusDetails":{"known":false,"muted":false,"flaky":false},"stage":"finished","steps":[],"attachments":[],"parameters":[],"start":1689689620212,"stop":1689689623676},{"name":"When  enter the email\"<email>\"","status":"passed","statusDetails":{"known":false,"muted":false,"flaky":false},"stage":"finished","steps":[],"attachments":[{"name":"Screenshot","source":"f18e10a5-5404-40fa-875f-21bd162ddb1c-attachment"}],"parameters":[],"start":1689689623677,"stop":1689689625810},{"name":"And  enter the password\"<password>\"","status":"passed","statusDetails":{"known":false,"muted":false,"flaky":false},"stage":"finished","steps":[],"attachments":[{"name":"Screenshot","source":"545dbef9-18bf-47e9-97bb-a4172c015966-attachment"}],"parameters":[],"start":1689689625811,"stop":1689689627941},{"name":"Then  click on the login button","status":"passed","statusDetails":{"known":false,"muted":false,"flaky":false},"stage":"finished","steps":[],"attachments":[{"name":"Screenshot","source":"e157a3b6-58c0-4852-ab4b-29b151613b93-attachment"}],"parameters":[],"start":1689689627942,"stop":1689689630971},{"name":"When  click apparelmodule","status":"passed","statusDetails":{"known":false,"muted":false,"flaky":false},"stage":"finished","steps":[],"attachments":[{"name":"Screenshot","source":"a88e5a44-b648-4420-ad99-ffb96fb1f7ad-attachment"}],"parameters":[],"start":1689689630972,"stop":1689689636695},{"name":"When  click on addtocart","status":"broken","statusDetails":{"known":false,"muted":false,"flaky":false,"message":"javascript error: Cannot read properties of undefined (reading 'click')\n  (Session info: chrome=114.0.5735.199)\nBuild info: version: '4.10.0', revision: 'c14d967899'\nSystem info: os.name: 'Windows 10', os.arch: 'amd64', os.version: '10.0', java.version: '17.0.7'\nDriver info: org.openqa.selenium.chrome.ChromeDriver\nCommand: [1970c9cd67131d9a574260ccb9743155, executeScript {script=arguments[1].click(), args=[{element-6066-11e4-a52e-4f735466cecf=D380B69945CDCA1F1A7F967B7E510101_element_266}]}]\nCapabilities {acceptInsecureCerts: false, browserName: chrome, browserVersion: 114.0.5735.199, chrome: {chromedriverVersion: 114.0.5735.90 (386bc09e8f4f..., userDataDir: C:\\Users\\pgedela\\AppData\\Lo...}, goog:chromeOptions: {debuggerAddress: localhost:63731}, networkConnectionEnabled: false, pageLoadStrategy: normal, platformName: windows, proxy: Proxy(), se:cdp: ws://localhost:63731/devtoo..., se:cdpVersion: 114.0.5735.199, setWindowRect: true, strictFileInteractability: false, timeouts: {implicit: 0, pageLoad: 300000, script: 30000}, unhandledPromptBehavior: dismiss and notify, webauthn:extension:credBlob: true, webauthn:extension:largeBlob: true, webauthn:extension:minPinLength: true, webauthn:extension:prf: true, webauthn:virtualAuthenticators: true}\nSession ID: 1970c9cd67131d9a574260ccb9743155","trace":"org.openqa.selenium.JavascriptException: javascript error: Cannot read properties of undefined (reading 'click')\n  (Session info: chrome=114.0.5735.199)\nBuild info: version: '4.10.0', revision: 'c14d967899'\nSystem info: os.name: 'Windows 10', os.arch: 'amd64', os.version: '10.0', java.version: '17.0.7'\nDriver info: org.openqa.selenium.chrome.ChromeDriver\nCommand: [1970c9cd67131d9a574260ccb9743155, executeScript {script=arguments[1].click(), args=[{element-6066-11e4-a52e-4f735466cecf=D380B69945CDCA1F1A7F967B7E510101_element_266}]}]\nCapabilities {acceptInsecureCerts: false, browserName: chrome, browserVersion: 114.0.5735.199, chrome: {chromedriverVersion: 114.0.5735.90 (386bc09e8f4f..., userDataDir: C:\\Users\\pgedela\\AppData\\Lo...}, goog:chromeOptions: {debuggerAddress: localhost:63731}, networkConnectionEnabled: false, pageLoadStrategy: normal, platformName: windows, proxy: Proxy(), se:cdp: ws://localhost:63731/devtoo..., se:cdpVersion: 114.0.5735.199, setWindowRect: true, strictFileInteractability: false, timeouts: {implicit: 0, pageLoad: 300000, script: 30000}, unhandledPromptBehavior: dismiss and notify, webauthn:extension:credBlob: true, webauthn:extension:largeBlob: true, webauthn:extension:minPinLength: true, webauthn:extension:prf: true, webauthn:virtualAuthenticators: true}\nSession ID: 1970c9cd67131d9a574260ccb9743155\r\n\tat java.base/jdk.internal.reflect.NativeConstructorAccessorImpl.newInstance0(Native Method)\r\n\tat java.base/jdk.internal.reflect.NativeConstructorAccessorImpl.newInstance(NativeConstructorAccessorImpl.java:77)\r\n\tat java.base/jdk.internal.reflect.DelegatingConstructorAccessorImpl.newInstance(DelegatingConstructorAccessorImpl.java:45)\r\n\tat java.base/java.lang.reflect.Constructor.newInstanceWithCaller(Constructor.java:499)\r\n\tat java.base/java.lang.reflect.Constructor.newInstance(Constructor.java:480)\r\n\tat org.openqa.selenium.remote.codec.w3c.W3CHttpResponseCodec.createException(W3CHttpResponseCodec.java:199)\r\n\tat org.openqa.selenium.remote.codec.w3c.W3CHttpResponseCodec.decode(W3CHttpResponseCodec.java:132)\r\n\tat org.openqa.selenium.remote.codec.w3c.W3CHttpResponseCodec.decode(W3CHttpResponseCodec.java:51)\r\n\tat org.openqa.selenium.remote.HttpCommandExecutor.execute(HttpCommandExecutor.java:191)\r\n\tat org.openqa.selenium.remote.service.DriverCommandExecutor.invokeExecute(DriverCommandExecutor.java:196)\r\n\tat org.openqa.selenium.remote.service.DriverCommandExecutor.execute(DriverCommandExecutor.java:171)\r\n\tat org.openqa.selenium.remote.RemoteWebDriver.execute(RemoteWebDriver.java:531)\r\n\tat org.openqa.selenium.remote.RemoteWebDriver.executeScript(RemoteWebDriver.java:476)\r\n\tat Pom.ApparealModule.app1(ApparealModule.java:88)\r\n\tat stepdefinition.StepDefinition.click_on_addtocart(StepDefinition.java:160)\r\n\tat ✽.click on addtocart(file:///C:/Users/pgedela/eclipse-workspace/NopCommerceAutomation/src/test/resources/Feature/nopcommerce.feature:22)\r\n"},"stage":"finished","steps":[],"attachments":[],"parameters":[],"start":1689689636696,"stop":1689689647648}],"attachments":[],"parameters":[],"start":1689689601237,"stop":1689689647653}